info it worked if it ends with ok
verbose cli [ 'C:\\Program Files (x86)\\nodejs\\\\node.exe',
verbose cli   'C:\\Program Files (x86)\\nodejs\\node_modules\\npm\\bin\\npm-cli.js',
verbose cli   'install',
verbose cli   'v8-profiler' ]
info using npm@1.1.21
info using node@v0.6.17
verbose C:\Program Files (x86)\nodejs\\node.exe node symlink
verbose config file C:\Users\Borys_Semyanov@epam.com\.npmrc
verbose config file C:\Program Files (x86)\nodejs\etc\npmrc
verbose config file C:\Program Files (x86)\nodejs\node_modules\npm\npmrc
verbose caching D:\jdew\gitRepos\express_site_test\package.json
verbose loadDefaults ExpressStarterServer@0.5.0-13
verbose caching D:\jdew\gitRepos\express_site_test\node_modules\connect\package.json
verbose caching D:\jdew\gitRepos\express_site_test\node_modules\everyauth\package.json
verbose caching D:\jdew\gitRepos\express_site_test\node_modules\express\package.json
verbose caching D:\jdew\gitRepos\express_site_test\node_modules\jitsu\package.json
verbose caching D:\jdew\gitRepos\express_site_test\node_modules\less\package.json
verbose caching D:\jdew\gitRepos\express_site_test\node_modules\MD5\package.json
verbose caching D:\jdew\gitRepos\express_site_test\node_modules\mongoose\package.json
verbose caching D:\jdew\gitRepos\express_site_test\node_modules\nconf\package.json
verbose caching D:\jdew\gitRepos\express_site_test\node_modules\node-uuid\package.json
verbose caching D:\jdew\gitRepos\express_site_test\node_modules\nodemailer\package.json
verbose caching D:\jdew\gitRepos\express_site_test\node_modules\nodetime\package.json
verbose caching D:\jdew\gitRepos\express_site_test\node_modules\recaptcha\package.json
verbose caching D:\jdew\gitRepos\express_site_test\node_modules\socket.io\package.json
verbose caching D:\jdew\gitRepos\express_site_test\node_modules\jade\package.json
verbose from cache D:\jdew\gitRepos\express_site_test\package.json
verbose readDependencies: using package.json deps
verbose cache add [ 'v8-profiler', null ]
silly cache add: name, spec, args [ undefined, 'v8-profiler', [ 'v8-profiler', null ] ]
verbose parsed url { pathname: 'v8-profiler',
verbose parsed url   path: 'v8-profiler',
verbose parsed url   href: 'v8-profiler' }
verbose addNamed [ 'v8-profiler', '' ]
verbose addNamed [ null, '' ]
silly name, range, hasData [ 'v8-profiler', '', false ]
verbose raw, before any munging v8-profiler
verbose url resolving [ 'https://registry.npmjs.org/', './v8-profiler' ]
verbose url resolved https://registry.npmjs.org/v8-profiler
http GET https://registry.npmjs.org/v8-profiler
http 200 https://registry.npmjs.org/v8-profiler
silly get cb [ 200,
silly get cb   { vary: 'Accept',
silly get cb     server: 'CouchDB/1.2.0 (Erlang OTP/R15B)',
silly get cb     etag: '"C2QOO43A3HUVPTS4Z5F8HTYTZ"',
silly get cb     date: 'Fri, 03 Aug 2012 10:20:32 GMT',
silly get cb     'content-type': 'application/json',
silly get cb     'content-length': '7141' } ]
silly name, range, hasData 2 [ 'v8-profiler', '', true ]
silly versions [ 'v8-profiler',
silly versions   [ '0.0.1', '0.0.2', '0.0.3', '3.6.2beta', '3.6.2beta2', '3.6.2-1' ] ]
verbose bin dist [ '0.6-ares1.7.5-DEV-evundefined-openssl0.9.8r-v83.6.6.25-win32-ia32-6.1.7601',
verbose bin dist   { shasum: '4e817753315b9b410624893d5a8b6114192366bf',
verbose bin dist     tarball: 'http://registry.npmjs.org/v8-profiler/-/v8-profiler-3.6.2-1.tgz' } ]
verbose addRemoteTarball [ 'https://registry.npmjs.org/v8-profiler/-/v8-profiler-3.6.2-1.tgz',
verbose addRemoteTarball   '4e817753315b9b410624893d5a8b6114192366bf' ]
verbose fetch to C:\Users\BORYS_~1.COM\AppData\Local\Temp\npm-1343989232188\1343989232188-0.766939141554758\tmp.tgz
http GET https://registry.npmjs.org/v8-profiler/-/v8-profiler-3.6.2-1.tgz
http 200 https://registry.npmjs.org/v8-profiler/-/v8-profiler-3.6.2-1.tgz
silly updated sha bytes 8052
info shasum 4e817753315b9b410624893d5a8b6114192366bf
info shasum C:\Users\BORYS_~1.COM\AppData\Local\Temp\npm-1343989232188\1343989232188-0.766939141554758\tmp.tgz
verbose unpack C:\Users\BORYS_~1.COM\AppData\Local\Temp\npm-1343989232188\1343989232188-0.766939141554758\tmp.tgz
silly gunzTarPerm modes [ '755', '644' ]
silly extracting entry package.json
silly extracting entry .npmignore
silly extracting entry v8-profiler.js
silly extracting entry profile.cc
silly extracting entry graph_edge.cc
silly extracting entry graph_edge.h
silly extracting entry graph_node.cc
silly extracting entry graph_node.h
silly extracting entry heap_profiler.cc
silly extracting entry heap_profiler.h
silly extracting entry Makefile
silly extracting entry binding.gyp
silly extracting entry cpu_profiler.h
silly extracting entry profile.h
silly extracting entry profile_node.cc
silly extracting entry profile_node.h
silly extracting entry profiler.cc
silly extracting entry readme.md
silly extracting entry snapshot.cc
silly extracting entry snapshot.h
silly extracting entry cpu_profiler.cc
silly extracting entry wscript
verbose has bindings.gyp [ undefined,
verbose has bindings.gyp   { file: 'C:\\Users\\BORYS_~1.COM\\AppData\\Local\\Temp\\npm-1343989232188\\1343989232188-0.766939141554758\\package\\package.json',
verbose has bindings.gyp     gypfile: true,
verbose has bindings.gyp     contributors: false,
verbose has bindings.gyp     serverjs: false,
verbose has bindings.gyp     wscript: true } ]
verbose has wscript [ undefined,
verbose has wscript   { file: 'C:\\Users\\BORYS_~1.COM\\AppData\\Local\\Temp\\npm-1343989232188\\1343989232188-0.766939141554758\\package\\package.json',
verbose has wscript     gypfile: true,
verbose has wscript     contributors: false,
verbose has wscript     serverjs: false,
verbose has wscript     wscript: true } ]
verbose caching C:\Users\BORYS_~1.COM\AppData\Local\Temp\npm-1343989232188\1343989232188-0.766939141554758\package\package.json
verbose loadDefaults v8-profiler@3.6.2-1
verbose from cache C:\Users\BORYS_~1.COM\AppData\Local\Temp\npm-1343989232188\1343989232188-0.766939141554758\package\package.json
verbose tar.pack [ 'C:\\Users\\Borys_Semyanov@epam.com\\AppData\\Roaming\\npm-cache\\v8-profiler\\3.6.2-1\\package.tgz',
verbose tar.pack   'C:\\Users\\BORYS_~1.COM\\AppData\\Local\\Temp\\npm-1343989232188\\1343989232188-0.766939141554758\\package' ]
verbose tarball C:\Users\Borys_Semyanov@epam.com\AppData\Roaming\npm-cache\v8-profiler\3.6.2-1\package.tgz
verbose folder C:\Users\BORYS_~1.COM\AppData\Local\Temp\npm-1343989232188\1343989232188-0.766939141554758\package
verbose unpack C:\Users\Borys_Semyanov@epam.com\AppData\Roaming\npm-cache\v8-profiler\3.6.2-1\package.tgz
silly gunzTarPerm modes [ '755', '644' ]
silly extracting entry package.json
silly modified mode [ 'package.json', 438, 420 ]
silly extracting entry .npmignore
silly modified mode [ '.npmignore', 438, 420 ]
silly extracting entry v8-profiler.js
silly modified mode [ 'v8-profiler.js', 438, 420 ]
silly extracting entry profile.cc
silly modified mode [ 'profile.cc', 438, 420 ]
silly extracting entry graph_edge.cc
silly modified mode [ 'graph_edge.cc', 438, 420 ]
silly extracting entry graph_edge.h
silly modified mode [ 'graph_edge.h', 438, 420 ]
silly extracting entry graph_node.cc
silly modified mode [ 'graph_node.cc', 438, 420 ]
silly extracting entry graph_node.h
silly modified mode [ 'graph_node.h', 438, 420 ]
silly extracting entry heap_profiler.cc
silly modified mode [ 'heap_profiler.cc', 438, 420 ]
silly extracting entry heap_profiler.h
silly modified mode [ 'heap_profiler.h', 438, 420 ]
silly extracting entry Makefile
silly modified mode [ 'Makefile', 438, 420 ]
silly extracting entry binding.gyp
silly modified mode [ 'binding.gyp', 438, 420 ]
silly extracting entry cpu_profiler.h
silly modified mode [ 'cpu_profiler.h', 438, 420 ]
silly extracting entry profile.h
silly modified mode [ 'profile.h', 438, 420 ]
silly extracting entry profiler.cc
silly modified mode [ 'profiler.cc', 438, 420 ]
silly extracting entry profile_node.cc
silly modified mode [ 'profile_node.cc', 438, 420 ]
silly extracting entry profile_node.h
silly modified mode [ 'profile_node.h', 438, 420 ]
silly extracting entry readme.md
silly modified mode [ 'readme.md', 438, 420 ]
silly extracting entry snapshot.cc
silly modified mode [ 'snapshot.cc', 438, 420 ]
silly extracting entry snapshot.h
silly modified mode [ 'snapshot.h', 438, 420 ]
silly extracting entry cpu_profiler.cc
silly modified mode [ 'cpu_profiler.cc', 438, 420 ]
silly extracting entry wscript
silly modified mode [ 'wscript', 438, 420 ]
verbose has bindings.gyp [ undefined,
verbose has bindings.gyp   { file: 'C:\\Users\\Borys_Semyanov@epam.com\\AppData\\Roaming\\npm-cache\\v8-profiler\\3.6.2-1\\package\\package.json',
verbose has bindings.gyp     gypfile: true,
verbose has bindings.gyp     contributors: false,
verbose has bindings.gyp     serverjs: false,
verbose has bindings.gyp     wscript: true } ]
verbose has wscript [ undefined,
verbose has wscript   { file: 'C:\\Users\\Borys_Semyanov@epam.com\\AppData\\Roaming\\npm-cache\\v8-profiler\\3.6.2-1\\package\\package.json',
verbose has wscript     gypfile: true,
verbose has wscript     contributors: false,
verbose has wscript     serverjs: false,
verbose has wscript     wscript: true } ]
verbose caching C:\Users\Borys_Semyanov@epam.com\AppData\Roaming\npm-cache\v8-profiler\3.6.2-1\package\package.json
verbose loadDefaults v8-profiler@3.6.2-1
silly updated sha bytes 7977
info shasum c58411d40668365451cb123e84a62124ec296a82
info shasum C:\Users\Borys_Semyanov@epam.com\AppData\Roaming\npm-cache\v8-profiler\3.6.2-1\package.tgz
verbose from cache C:\Users\Borys_Semyanov@epam.com\AppData\Roaming\npm-cache\v8-profiler\3.6.2-1\package\package.json
verbose chmod C:\Users\Borys_Semyanov@epam.com\AppData\Roaming\npm-cache\v8-profiler\3.6.2-1\package.tgz 644
silly skipping chown for windows C:\Users\Borys_Semyanov@epam.com\AppData\Roaming\npm-cache\v8-profiler\3.6.2-1\package.tgz
silly resolved [ { name: 'v8-profiler',
silly resolved     version: '3.6.2-1',
silly resolved     description: 'node bindings for the v8 profiler',
silly resolved     homepage: 'http://github.com/dannycoates/v8-profiler',
silly resolved     author: { name: 'Danny Coates', email: 'dannycoates@gmail.com' },
silly resolved     keywords: [ 'profiler', 'inspector' ],
silly resolved     engines: { node: '>=0.6' },
silly resolved     main: 'v8-profiler',
silly resolved     _id: 'v8-profiler@3.6.2-1',
silly resolved     scripts: { install: 'node-gyp rebuild' },
silly resolved     dependencies: {},
silly resolved     devDependencies: {},
silly resolved     optionalDependencies: {},
silly resolved     _engineSupported: true,
silly resolved     _npmVersion: '1.1.21',
silly resolved     _nodeVersion: 'v0.6.17',
silly resolved     _defaultsLoaded: true,
silly resolved     dist: { shasum: 'c58411d40668365451cb123e84a62124ec296a82' },
silly resolved     _from: 'v8-profiler' } ]
info into D:\jdew\gitRepos\express_site_test v8-profiler@3.6.2-1
info installOne v8-profiler@3.6.2-1
verbose from cache C:\Users\Borys_Semyanov@epam.com\AppData\Roaming\npm-cache\v8-profiler\3.6.2-1\package\package.json
info unbuild D:\jdew\gitRepos\express_site_test\node_modules\v8-profiler
verbose unpack C:\Users\Borys_Semyanov@epam.com\AppData\Roaming\npm-cache\v8-profiler\3.6.2-1\package.tgz
silly gunzTarPerm modes [ '755', '644' ]
silly extracting entry package.json
silly modified mode [ 'package.json', 438, 420 ]
silly extracting entry .npmignore
silly modified mode [ '.npmignore', 438, 420 ]
silly extracting entry v8-profiler.js
silly modified mode [ 'v8-profiler.js', 438, 420 ]
silly extracting entry profile.cc
silly modified mode [ 'profile.cc', 438, 420 ]
silly extracting entry graph_edge.cc
silly modified mode [ 'graph_edge.cc', 438, 420 ]
silly extracting entry graph_edge.h
silly modified mode [ 'graph_edge.h', 438, 420 ]
silly extracting entry graph_node.cc
silly modified mode [ 'graph_node.cc', 438, 420 ]
silly extracting entry graph_node.h
silly modified mode [ 'graph_node.h', 438, 420 ]
silly extracting entry heap_profiler.cc
silly modified mode [ 'heap_profiler.cc', 438, 420 ]
silly extracting entry heap_profiler.h
silly modified mode [ 'heap_profiler.h', 438, 420 ]
silly extracting entry Makefile
silly modified mode [ 'Makefile', 438, 420 ]
silly extracting entry binding.gyp
silly modified mode [ 'binding.gyp', 438, 420 ]
silly extracting entry cpu_profiler.h
silly modified mode [ 'cpu_profiler.h', 438, 420 ]
silly extracting entry profile.h
silly modified mode [ 'profile.h', 438, 420 ]
silly extracting entry profiler.cc
silly modified mode [ 'profiler.cc', 438, 420 ]
silly extracting entry profile_node.cc
silly modified mode [ 'profile_node.cc', 438, 420 ]
silly extracting entry profile_node.h
silly modified mode [ 'profile_node.h', 438, 420 ]
silly extracting entry readme.md
silly modified mode [ 'readme.md', 438, 420 ]
silly extracting entry snapshot.cc
silly modified mode [ 'snapshot.cc', 438, 420 ]
silly extracting entry snapshot.h
silly modified mode [ 'snapshot.h', 438, 420 ]
silly extracting entry cpu_profiler.cc
silly modified mode [ 'cpu_profiler.cc', 438, 420 ]
silly extracting entry wscript
silly modified mode [ 'wscript', 438, 420 ]
verbose has bindings.gyp [ undefined,
verbose has bindings.gyp   { file: 'D:\\jdew\\gitRepos\\express_site_test\\node_modules\\v8-profiler\\package.json',
verbose has bindings.gyp     gypfile: true,
verbose has bindings.gyp     contributors: false,
verbose has bindings.gyp     serverjs: false,
verbose has bindings.gyp     wscript: true } ]
verbose has wscript [ undefined,
verbose has wscript   { file: 'D:\\jdew\\gitRepos\\express_site_test\\node_modules\\v8-profiler\\package.json',
verbose has wscript     gypfile: true,
verbose has wscript     contributors: false,
verbose has wscript     serverjs: false,
verbose has wscript     wscript: true } ]
verbose caching D:\jdew\gitRepos\express_site_test\node_modules\v8-profiler\package.json
verbose loadDefaults v8-profiler@3.6.2-1
info preinstall v8-profiler@3.6.2-1
verbose from cache D:\jdew\gitRepos\express_site_test\node_modules\v8-profiler\package.json
verbose readDependencies: using package.json deps
verbose from cache D:\jdew\gitRepos\express_site_test\node_modules\v8-profiler\package.json
verbose readDependencies: using package.json deps
silly resolved []
verbose about to build D:\jdew\gitRepos\express_site_test\node_modules\v8-profiler
info build D:\jdew\gitRepos\express_site_test\node_modules\v8-profiler
verbose from cache D:\jdew\gitRepos\express_site_test\node_modules\v8-profiler\package.json
verbose linkStuff [ false,
verbose linkStuff   false,
verbose linkStuff   false,
verbose linkStuff   'D:\\jdew\\gitRepos\\express_site_test\\node_modules' ]
info linkStuff v8-profiler@3.6.2-1
verbose linkBins v8-profiler@3.6.2-1
verbose linkMans v8-profiler@3.6.2-1
verbose rebuildBundles v8-profiler@3.6.2-1
info install v8-profiler@3.6.2-1
verbose unsafe-perm in lifecycle true
silly exec cmd "/c" "node-gyp rebuild"
silly spawning [ 'cmd',
silly spawning   [ '/c', 'node-gyp rebuild' ],
silly spawning   'D:\\jdew\\gitRepos\\express_site_test\\node_modules\\v8-profiler' ]
info v8-profiler@3.6.2-1 Failed to exec install script
info unbuild D:\jdew\gitRepos\express_site_test\node_modules\v8-profiler
verbose from cache D:\jdew\gitRepos\express_site_test\node_modules\v8-profiler\package.json
info preuninstall v8-profiler@3.6.2-1
info uninstall v8-profiler@3.6.2-1
verbose unbuild v8-profiler@3.6.2-1 [ true,
verbose unbuild v8-profiler@3.6.2-1   'D:\\jdew\\gitRepos\\express_site_test\\node_modules',
verbose unbuild v8-profiler@3.6.2-1   'D:\\jdew\\gitRepos\\express_site_test\\node_modules' ]
info postuninstall v8-profiler@3.6.2-1
ERR! v8-profiler@3.6.2-1 install: `node-gyp rebuild`
ERR! `cmd "/c" "node-gyp rebuild"` failed with 1
ERR! 
ERR! Failed at the v8-profiler@3.6.2-1 install script.
ERR! This is most likely a problem with the v8-profiler package,
ERR! not with npm itself.
ERR! Tell the author that this fails on your system:
ERR!     node-gyp rebuild
ERR! You can get their info via:
ERR!     npm owner ls v8-profiler
ERR! There is likely additional logging output above.
ERR! 
ERR! System Windows_NT 6.1.7601
ERR! command "C:\\Program Files (x86)\\nodejs\\\\node.exe" "C:\\Program Files (x86)\\nodejs\\node_modules\\npm\\bin\\npm-cli.js" "install" "v8-profiler"
ERR! cwd D:\jdew\gitRepos\express_site_test
ERR! node -v v0.6.17
ERR! npm -v 1.1.21
ERR! code ELIFECYCLE
ERR! message v8-profiler@3.6.2-1 install: `node-gyp rebuild`
ERR! message `cmd "/c" "node-gyp rebuild"` failed with 1
ERR! errno {}
verbose exit [ 1, true ]
